Using pre-set license
Built from '2020.3/staging' branch; Version is '2020.3.18f1 (a7d1c678663c) revision 10998214'; Using compiler version '192528614'; Build Type 'Release'
OS: 'Windows 10 Pro; OS build 19042.1466; Version 2009; 64bit' Language: 'en' Physical Memory: 16254 MB
BatchMode: 1, IsHumanControllingUs: 0, StartBugReporterOnCrash: 0, Is64bit: 1, IsPro: 0

COMMAND LINE ARGUMENTS:
Z:\Unity Engine\2020.3.18f1\Editor\Unity.exe
-adb2
-batchMode
-noUpm
-name
AssetImportWorker0
-projectPath
D:/Users/PAP0/Documents/CaptainVR/CaptainVRTests
-logFile
Logs/AssetImportWorker0.log
-srvPort
50565
Successfully changed project path to: D:/Users/PAP0/Documents/CaptainVR/CaptainVRTests
D:/Users/PAP0/Documents/CaptainVR/CaptainVRTests
Using Asset Import Pipeline V2.
Refreshing native plugins compatible for Editor in 82.35 ms, found 9 plugins.
Preloading 4 native plugins for Editor in 2.96 ms.
Initialize engine version: 2020.3.18f1 (a7d1c678663c)
[Subsystems] Discovering subsystems at path Z:/Unity Engine/2020.3.18f1/Editor/Data/Resources/UnitySubsystems
[Subsystems] Discovering subsystems at path D:/Users/PAP0/Documents/CaptainVR/CaptainVRTests/Assets
GfxDevice: creating device client; threaded=0
Direct3D:
    Version:  Direct3D 11.0 [level 11.1]
    Renderer: NVIDIA GeForce GTX 1660 Ti (ID=0x2191)
    Vendor:   
    VRAM:     5991 MB
    Driver:   31.0.15.1694
Initialize mono
Mono path[0] = 'Z:/Unity Engine/2020.3.18f1/Editor/Data/Managed'
Mono path[1] = 'Z:/Unity Engine/2020.3.18f1/Editor/Data/MonoBleedingEdge/lib/mono/unityjit'
Mono config path = 'Z:/Unity Engine/2020.3.18f1/Editor/Data/MonoBleedingEdge/etc'
Using monoOptions --debugger-agent=transport=dt_socket,embedding=1,server=y,suspend=n,address=127.0.0.1:56308
Begin MonoManager ReloadAssembly
Registering precompiled unity dll's ...
Register platform support module: Z:/Unity Engine/2020.3.18f1/Editor/Data/PlaybackEngines/MacStandaloneSupport/UnityEditor.OSXStandalone.Extensions.dll
Register platform support module: Z:/Unity Engine/2020.3.18f1/Editor/Data/PlaybackEngines/WindowsStandaloneSupport/UnityEditor.WindowsStandalone.Extensions.dll
Registered in 0.004663 seconds.
Native extension for WindowsStandalone target not found
Native extension for OSXStandalone target not found
Refreshing native plugins compatible for Editor in 60.30 ms, found 9 plugins.
Preloading 4 native plugins for Editor in 0.41 ms.
Mono: successfully reloaded assembly
- Completed reload, in  1.319 seconds
Domain Reload Profiling:
	ReloadAssembly (1320ms)
		BeginReloadAssembly (77ms)
			ExecutionOrderSort (0ms)
			DisableScriptedObjects (0ms)
			BackupInstance (0ms)
			ReleaseScriptingObjects (0ms)
			CreateAndSetChildDomain (1ms)
		EndReloadAssembly (441ms)
			LoadAssemblies (73ms)
			RebuildTransferFunctionScriptingTraits (0ms)
			SetupTypeCache (147ms)
			ReleaseScriptCaches (0ms)
			RebuildScriptCaches (30ms)
			SetupLoadedEditorAssemblies (182ms)
				LogAssemblyErrors (0ms)
				InitializePlatformSupportModulesInManaged (5ms)
				SetLoadedEditorAssemblies (0ms)
				RefreshPlugins (61ms)
				BeforeProcessingInitializeOnLoad (13ms)
				ProcessInitializeOnLoadAttributes (78ms)
				ProcessInitializeOnLoadMethodAttributes (26ms)
				AfterProcessingInitializeOnLoad (0ms)
				EditorAssembliesLoaded (0ms)
			ExecutionOrderSort2 (0ms)
			AwakeInstancesAfterBackupRestoration (0ms)
Platform modules already initialized, skipping
Registering precompiled user dll's ...
Registered in 0.031617 seconds.
Begin MonoManager ReloadAssembly
Native extension for WindowsStandalone target not found
Native extension for OSXStandalone target not found
Refreshing native plugins compatible for Editor in 62.49 ms, found 9 plugins.
Preloading 4 native plugins for Editor in 0.40 ms.
[XR] OculusXRPlugin: registering subsystems
[XR] Unable to register display lifecyle provider: [1]
[XR] Oculus Input lifecycle provider registered.
[XR] Unable to register input lifecyle provider: [1]
System.Reflection.TargetInvocationException: Exception has been thrown by the target of an invocation. ---> System.NullReferenceException: Object reference not set to an instance of an object
  at Unity.XR.Oculus.OculusLoader.AssetPathToAbsolutePath (System.String assetPath) [0x00048] in D:\Users\PAP0\Documents\CaptainVR\CaptainVRTests\Library\PackageCache\com.unity.xr.oculus@1.10.0\Runtime\OculusLoader.cs:250 
  at Unity.XR.Oculus.OculusLoader.EditorLoadOVRPlugin () [0x0007b] in D:\Users\PAP0\Documents\CaptainVR\CaptainVRTests\Library\PackageCache\com.unity.xr.oculus@1.10.0\Runtime\OculusLoader.cs:235 
  at (wrapper managed-to-native) System.Reflection.MonoMethod.InternalInvoke(System.Reflection.MonoMethod,object,object[],System.Exception&)
  at System.Reflection.MonoMethod.Invoke (System.Object obj, System.Reflection.BindingFlags invokeAttr, System.Reflection.Binder binder, System.Object[] parameters, System.Globalization.CultureInfo culture) [0x00032] in <695d1cc93cca45069c528c15c9fdd749>:0 
   --- End of inner exception stack trace ---
  at System.Reflection.MonoMethod.Invoke (System.Object obj, System.Reflection.BindingFlags invokeAttr, System.Reflection.Binder binder, System.Object[] parameters, System.Globalization.CultureInfo culture) [0x00048] in <695d1cc93cca45069c528c15c9fdd749>:0 
  at System.Reflection.MethodBase.Invoke (System.Object obj, System.Object[] parameters) [0x00000] in <695d1cc93cca45069c528c15c9fdd749>:0 
  at UnityEditor.EditorAssemblies.ProcessInitializeOnLoadMethodAttributes () [0x00047] in <5ad584e208e14caaa9e6b2e6027e9204>:0 
UnityEngine.StackTraceUtility:ExtractStackTrace ()
UnityEngine.DebugLogHandler:LogFormat (UnityEngine.LogType,UnityEngine.Object,string,object[])
UnityEngine.Logger:Log (UnityEngine.LogType,object)
UnityEngine.Debug:LogError (object)
UnityEditor.EditorAssemblies:ProcessInitializeOnLoadMethodAttributes ()

Mono: successfully reloaded assembly
- Completed reload, in  1.278 seconds
Domain Reload Profiling:
	ReloadAssembly (1279ms)
		BeginReloadAssembly (152ms)
			ExecutionOrderSort (0ms)
			DisableScriptedObjects (4ms)
			BackupInstance (0ms)
			ReleaseScriptingObjects (0ms)
			CreateAndSetChildDomain (16ms)
		EndReloadAssembly (1055ms)
			LoadAssemblies (137ms)
			RebuildTransferFunctionScriptingTraits (0ms)
			SetupTypeCache (338ms)
			ReleaseScriptCaches (0ms)
			RebuildScriptCaches (50ms)
			SetupLoadedEditorAssemblies (404ms)
				LogAssemblyErrors (0ms)
				InitializePlatformSupportModulesInManaged (5ms)
				SetLoadedEditorAssemblies (0ms)
				RefreshPlugins (63ms)
				BeforeProcessingInitializeOnLoad (111ms)
				ProcessInitializeOnLoadAttributes (197ms)
				ProcessInitializeOnLoadMethodAttributes (14ms)
				AfterProcessingInitializeOnLoad (13ms)
				EditorAssembliesLoaded (0ms)
			ExecutionOrderSort2 (0ms)
			AwakeInstancesAfterBackupRestoration (5ms)
Platform modules already initialized, skipping
========================================================================
Worker process is ready to serve import requests
Launched and connected shader compiler UnityShaderCompiler.exe after 0.05 seconds
Refreshing native plugins compatible for Editor in 0.90 ms, found 9 plugins.
Preloading 4 native plugins for Editor in 0.40 ms.
Unloading 2842 Unused Serialized files (Serialized files now loaded: 0)
System memory in use before: 133.8 MB.
System memory in use after: 134.0 MB.

Unloading 45 unused Assets to reduce memory usage. Loaded Objects now: 3269.
Total: 3.389200 ms (FindLiveObjects: 0.242500 ms CreateObjectMapping: 0.107900 ms MarkObjects: 2.899100 ms  DeleteObjects: 0.138900 ms)

AssetImportParameters requested are different than current active one (requested -> active):
  custom:framework-win-MediaFoundation: 216162199b28c13a410421893ffa2e32 -> 
  custom:video-decoder-ogg-theora: a1e56fd34408186e4bbccfd4996cb3dc -> 
  custom:container-muxer-webm: aa71ff27fc2769a1b78a27578f13a17b -> 
  custom:container-demuxer-webm: 4f35f7cbe854078d1ac9338744f61a02 -> 
  custom:container-demuxer-ogg: 62fdf1f143b41e24485cea50d1cbac27 -> 
  custom:video-encoder-webm-vp8: eb34c28f22e8b96e1ab97ce403110664 -> 
  custom:video-codec-MediaFoundation-h265: 746d11721c4dcdbdad8f713fa42b33f4 -> 
  custom:video-decoder-webm-vp8: 9c59270c3fd7afecdb556c50c9e8de78 -> 
  custom:audio-decoder-ogg-vorbis: bf7c407c2cedff20999df2af8eb42d56 -> 
  custom:audio-encoder-webm-vorbis: bf7c407c2cedff20999df2af8eb42d56 -> 
========================================================================
Received Import Request.
  path: Assets/CaptainVR hub stuff/docks/wlprtsnm.jpg
  artifactKey: Guid(f39b780f0d528a44599ef22ef09a9b99) Importer(815301076,1909f56bfc062723c751e8b465ee728b)
Start importing Assets/CaptainVR hub stuff/docks/wlprtsnm.jpg using Guid(f39b780f0d528a44599ef22ef09a9b99) Importer(815301076,1909f56bfc062723c751e8b465ee728b)  -> (artifact id: '293f185ef191a650fe2a74e63c259895') in 0.165326 seconds 
  Import took 0.169268 seconds .

========================================================================
Received Import Request.
  Time since last request: 0.000343 seconds.
  path: Assets/CaptainVR hub stuff/docks/wlprtspc.jpg
  artifactKey: Guid(472d5fc1b788ace40b6b5c3fadb1fe10) Importer(815301076,1909f56bfc062723c751e8b465ee728b)
Start importing Assets/CaptainVR hub stuff/docks/wlprtspc.jpg using Guid(472d5fc1b788ace40b6b5c3fadb1fe10) Importer(815301076,1909f56bfc062723c751e8b465ee728b)  -> (artifact id: '971de18c07555ae3e42136f54027cb76') in 0.104688 seconds 
  Import took 0.108479 seconds .

========================================================================
Received Import Request.
  Time since last request: 0.000302 seconds.
  path: Assets/CaptainVR hub stuff/docks/DockPieces.obj
  artifactKey: Guid(80171f22f979fdd49a60eb4a4c155abd) Importer(815301076,1909f56bfc062723c751e8b465ee728b)
Start importing Assets/CaptainVR hub stuff/docks/DockPieces.obj using Guid(80171f22f979fdd49a60eb4a4c155abd) Importer(815301076,1909f56bfc062723c751e8b465ee728b)  -> (artifact id: '0441feab87323d11c6e5726530aa6898') in 0.284053 seconds 
  Import took 0.300303 seconds .

========================================================================
Received Import Request.
  Time since last request: 0.000320 seconds.
  path: Assets/CaptainVR hub stuff/docks
  artifactKey: Guid(55c0b17df16b28349862554867c3684b) Importer(815301076,1909f56bfc062723c751e8b465ee728b)
Start importing Assets/CaptainVR hub stuff/docks using Guid(55c0b17df16b28349862554867c3684b) Importer(815301076,1909f56bfc062723c751e8b465ee728b)  -> (artifact id: '2dbe305ef3664fabd52f8f064569df0e') in 0.015194 seconds 
  Import took 0.019799 seconds .

========================================================================
Received Import Request.
  Time since last request: 0.000358 seconds.
  path: Assets/CaptainVR hub stuff/docks/WoodenDock.obj
  artifactKey: Guid(6bcd8ee4b39f58a458603003475fb08b) Importer(815301076,1909f56bfc062723c751e8b465ee728b)
Start importing Assets/CaptainVR hub stuff/docks/WoodenDock.obj using Guid(6bcd8ee4b39f58a458603003475fb08b) Importer(815301076,1909f56bfc062723c751e8b465ee728b)  -> (artifact id: 'e19a3c4f6bbb7d490eb13afd21674951') in 0.035463 seconds 
  Import took 0.058553 seconds .

========================================================================
Received Import Request.
  Time since last request: 0.000338 seconds.
  path: Assets/CaptainVR hub stuff/docks/wlparts.jpg
  artifactKey: Guid(b4b67e0538cac424eaea52df8182e148) Importer(815301076,1909f56bfc062723c751e8b465ee728b)
Start importing Assets/CaptainVR hub stuff/docks/wlparts.jpg using Guid(b4b67e0538cac424eaea52df8182e148) Importer(815301076,1909f56bfc062723c751e8b465ee728b)  -> (artifact id: 'bc92b07e6fb576af346d78794c08bb5b') in 0.013038 seconds 
  Import took 0.018733 seconds .

========================================================================
Received Import Request.
  Time since last request: 0.000303 seconds.
  path: Assets/CaptainVR hub stuff
  artifactKey: Guid(65ec9aba59bd823498ea5f78a3669d27) Importer(815301076,1909f56bfc062723c751e8b465ee728b)
Start importing Assets/CaptainVR hub stuff using Guid(65ec9aba59bd823498ea5f78a3669d27) Importer(815301076,1909f56bfc062723c751e8b465ee728b)  -> (artifact id: 'fb717944b48aa97ef5279a0546f795ae') in 0.007307 seconds 
  Import took 0.012881 seconds .

========================================================================
Received Import Request.
  Time since last request: 0.000379 seconds.
  path: Assets/CaptainVR hub stuff/docks/DockPieces.mtl
  artifactKey: Guid(aa060ac462252d245a2aa1e5c78fd5b9) Importer(815301076,1909f56bfc062723c751e8b465ee728b)
Start importing Assets/CaptainVR hub stuff/docks/DockPieces.mtl using Guid(aa060ac462252d245a2aa1e5c78fd5b9) Importer(815301076,1909f56bfc062723c751e8b465ee728b)  -> (artifact id: '6e8cb0ef0892e42dae9b3bc96e4921db') in 0.008148 seconds 
  Import took 0.013429 seconds .

========================================================================
Received Import Request.
  Time since last request: 18.698415 seconds.
  path: Assets/CaptainVR hub stuff/docks/wlparts.jpg
  artifactKey: Guid(b4b67e0538cac424eaea52df8182e148) Importer(815301076,1909f56bfc062723c751e8b465ee728b)
Start importing Assets/CaptainVR hub stuff/docks/wlparts.jpg using Guid(b4b67e0538cac424eaea52df8182e148) Importer(815301076,1909f56bfc062723c751e8b465ee728b)  -> (artifact id: '11e5854da718f45864324aafb09784e0') in 0.010571 seconds 
  Import took 0.015365 seconds .

========================================================================
Received Import Request.
  Time since last request: 0.021857 seconds.
  path: Assets/CaptainVR hub stuff/docks/wlparts.jpg
  artifactKey: Guid(b4b67e0538cac424eaea52df8182e148) Importer(815301076,1909f56bfc062723c751e8b465ee728b)
Start importing Assets/CaptainVR hub stuff/docks/wlparts.jpg using Guid(b4b67e0538cac424eaea52df8182e148) Importer(815301076,1909f56bfc062723c751e8b465ee728b)  -> (artifact id: '11e5854da718f45864324aafb09784e0') in 0.009194 seconds 
  Import took 0.014649 seconds .

========================================================================
Received Import Request.
  Time since last request: 7.275374 seconds.
  path: Assets/CaptainVR hub stuff/docks/wlparts.jpg
  artifactKey: Guid(b4b67e0538cac424eaea52df8182e148) Importer(815301076,1909f56bfc062723c751e8b465ee728b)
Start importing Assets/CaptainVR hub stuff/docks/wlparts.jpg using Guid(b4b67e0538cac424eaea52df8182e148) Importer(815301076,1909f56bfc062723c751e8b465ee728b)  -> (artifact id: 'c1815596a62670a738f536f147ff11c7') in 0.012621 seconds 
  Import took 0.017658 seconds .

========================================================================
Received Import Request.
  Time since last request: 0.010650 seconds.
  path: Assets/CaptainVR hub stuff/docks/wlparts.jpg
  artifactKey: Guid(b4b67e0538cac424eaea52df8182e148) Importer(815301076,1909f56bfc062723c751e8b465ee728b)
Start importing Assets/CaptainVR hub stuff/docks/wlparts.jpg using Guid(b4b67e0538cac424eaea52df8182e148) Importer(815301076,1909f56bfc062723c751e8b465ee728b)  -> (artifact id: 'c1815596a62670a738f536f147ff11c7') in 0.012907 seconds 
  Import took 0.018144 seconds .

========================================================================
Received Import Request.
  Time since last request: 6.102079 seconds.
  path: Assets/CaptainVR hub stuff/docks/wlparts.jpg
  artifactKey: Guid(b4b67e0538cac424eaea52df8182e148) Importer(815301076,1909f56bfc062723c751e8b465ee728b)
Start importing Assets/CaptainVR hub stuff/docks/wlparts.jpg using Guid(b4b67e0538cac424eaea52df8182e148) Importer(815301076,1909f56bfc062723c751e8b465ee728b)  -> (artifact id: '9ca96ea751bdc6f220f0c13055d39cc5') in 0.011428 seconds 
  Import took 0.015998 seconds .

========================================================================
Received Import Request.
  Time since last request: 0.009554 seconds.
  path: Assets/CaptainVR hub stuff/docks/wlparts.jpg
  artifactKey: Guid(b4b67e0538cac424eaea52df8182e148) Importer(815301076,1909f56bfc062723c751e8b465ee728b)
Start importing Assets/CaptainVR hub stuff/docks/wlparts.jpg using Guid(b4b67e0538cac424eaea52df8182e148) Importer(815301076,1909f56bfc062723c751e8b465ee728b)  -> (artifact id: '9ca96ea751bdc6f220f0c13055d39cc5') in 0.014229 seconds 
  Import took 0.019839 seconds .

========================================================================
Received Import Request.
  Time since last request: 34.445605 seconds.
  path: Assets/CaptainVR hub stuff/docks/wlparts.jpg
  artifactKey: Guid(b4b67e0538cac424eaea52df8182e148) Importer(815301076,1909f56bfc062723c751e8b465ee728b)
Start importing Assets/CaptainVR hub stuff/docks/wlparts.jpg using Guid(b4b67e0538cac424eaea52df8182e148) Importer(815301076,1909f56bfc062723c751e8b465ee728b)  -> (artifact id: '36a87b2322048c33276b50e83800e0fb') in 0.011464 seconds 
  Import took 0.016290 seconds .

========================================================================
Received Import Request.
  Time since last request: 0.008835 seconds.
  path: Assets/CaptainVR hub stuff/docks/wlparts.jpg
  artifactKey: Guid(b4b67e0538cac424eaea52df8182e148) Importer(815301076,1909f56bfc062723c751e8b465ee728b)
Start importing Assets/CaptainVR hub stuff/docks/wlparts.jpg using Guid(b4b67e0538cac424eaea52df8182e148) Importer(815301076,1909f56bfc062723c751e8b465ee728b)  -> (artifact id: '36a87b2322048c33276b50e83800e0fb') in 0.011974 seconds 
  Import took 0.017171 seconds .

========================================================================
Received Prepare
Refreshing native plugins compatible for Editor in 15.74 ms, found 9 plugins.
Preloading 4 native plugins for Editor in 0.42 ms.
Unloading 37 Unused Serialized files (Serialized files now loaded: 0)
System memory in use before: 78.3 MB.
System memory in use after: 78.5 MB.

Unloading 37 unused Assets to reduce memory usage. Loaded Objects now: 3381.
Total: 4.325600 ms (FindLiveObjects: 0.277600 ms CreateObjectMapping: 0.115900 ms MarkObjects: 3.913100 ms  DeleteObjects: 0.018100 ms)

AssetImportParameters requested are different than current active one (requested -> active):
  custom:framework-win-MediaFoundation: 216162199b28c13a410421893ffa2e32 -> 
  custom:video-decoder-ogg-theora: a1e56fd34408186e4bbccfd4996cb3dc -> 
  custom:container-muxer-webm: aa71ff27fc2769a1b78a27578f13a17b -> 
  custom:container-demuxer-webm: 4f35f7cbe854078d1ac9338744f61a02 -> 
  custom:container-demuxer-ogg: 62fdf1f143b41e24485cea50d1cbac27 -> 
  custom:video-encoder-webm-vp8: eb34c28f22e8b96e1ab97ce403110664 -> 
  custom:video-codec-MediaFoundation-h265: 746d11721c4dcdbdad8f713fa42b33f4 -> 
  custom:video-decoder-webm-vp8: 9c59270c3fd7afecdb556c50c9e8de78 -> 
  custom:audio-decoder-ogg-vorbis: bf7c407c2cedff20999df2af8eb42d56 -> 
  custom:audio-encoder-webm-vorbis: bf7c407c2cedff20999df2af8eb42d56 -> 
========================================================================
Received Prepare
Refreshing native plugins compatible for Editor in 20.85 ms, found 9 plugins.
Preloading 4 native plugins for Editor in 0.48 ms.
Unloading 37 Unused Serialized files (Serialized files now loaded: 0)
System memory in use before: 78.3 MB.
System memory in use after: 78.6 MB.

Unloading 37 unused Assets to reduce memory usage. Loaded Objects now: 3381.
Total: 4.637800 ms (FindLiveObjects: 0.542400 ms CreateObjectMapping: 0.167700 ms MarkObjects: 3.902900 ms  DeleteObjects: 0.023000 ms)

AssetImportParameters requested are different than current active one (requested -> active):
  custom:framework-win-MediaFoundation: 216162199b28c13a410421893ffa2e32 -> 
  custom:video-decoder-ogg-theora: a1e56fd34408186e4bbccfd4996cb3dc -> 
  custom:container-muxer-webm: aa71ff27fc2769a1b78a27578f13a17b -> 
  custom:container-demuxer-webm: 4f35f7cbe854078d1ac9338744f61a02 -> 
  custom:container-demuxer-ogg: 62fdf1f143b41e24485cea50d1cbac27 -> 
  custom:video-encoder-webm-vp8: eb34c28f22e8b96e1ab97ce403110664 -> 
  custom:video-codec-MediaFoundation-h265: 746d11721c4dcdbdad8f713fa42b33f4 -> 
  custom:video-decoder-webm-vp8: 9c59270c3fd7afecdb556c50c9e8de78 -> 
  custom:audio-decoder-ogg-vorbis: bf7c407c2cedff20999df2af8eb42d56 -> 
  custom:audio-encoder-webm-vorbis: bf7c407c2cedff20999df2af8eb42d56 -> 
========================================================================
Received Prepare
Refreshing native plugins compatible for Editor in 15.42 ms, found 9 plugins.
Preloading 4 native plugins for Editor in 0.39 ms.
Unloading 37 Unused Serialized files (Serialized files now loaded: 0)
System memory in use before: 78.3 MB.
System memory in use after: 78.6 MB.

Unloading 37 unused Assets to reduce memory usage. Loaded Objects now: 3381.
Total: 3.685700 ms (FindLiveObjects: 0.268400 ms CreateObjectMapping: 0.113800 ms MarkObjects: 3.283000 ms  DeleteObjects: 0.019700 ms)

AssetImportParameters requested are different than current active one (requested -> active):
  custom:framework-win-MediaFoundation: 216162199b28c13a410421893ffa2e32 -> 
  custom:video-decoder-ogg-theora: a1e56fd34408186e4bbccfd4996cb3dc -> 
  custom:container-muxer-webm: aa71ff27fc2769a1b78a27578f13a17b -> 
  custom:container-demuxer-webm: 4f35f7cbe854078d1ac9338744f61a02 -> 
  custom:container-demuxer-ogg: 62fdf1f143b41e24485cea50d1cbac27 -> 
  custom:video-encoder-webm-vp8: eb34c28f22e8b96e1ab97ce403110664 -> 
  custom:video-codec-MediaFoundation-h265: 746d11721c4dcdbdad8f713fa42b33f4 -> 
  custom:video-decoder-webm-vp8: 9c59270c3fd7afecdb556c50c9e8de78 -> 
  custom:audio-decoder-ogg-vorbis: bf7c407c2cedff20999df2af8eb42d56 -> 
  custom:audio-encoder-webm-vorbis: bf7c407c2cedff20999df2af8eb42d56 -> 
========================================================================
Received Prepare
Refreshing native plugins compatible for Editor in 15.89 ms, found 9 plugins.
Preloading 4 native plugins for Editor in 0.41 ms.
Unloading 37 Unused Serialized files (Serialized files now loaded: 0)
System memory in use before: 78.3 MB.
System memory in use after: 78.6 MB.

Unloading 37 unused Assets to reduce memory usage. Loaded Objects now: 3381.
Total: 3.721300 ms (FindLiveObjects: 0.261100 ms CreateObjectMapping: 0.121700 ms MarkObjects: 3.317500 ms  DeleteObjects: 0.020200 ms)

AssetImportParameters requested are different than current active one (requested -> active):
  custom:framework-win-MediaFoundation: 216162199b28c13a410421893ffa2e32 -> 
  custom:video-decoder-ogg-theora: a1e56fd34408186e4bbccfd4996cb3dc -> 
  custom:container-muxer-webm: aa71ff27fc2769a1b78a27578f13a17b -> 
  custom:container-demuxer-webm: 4f35f7cbe854078d1ac9338744f61a02 -> 
  custom:container-demuxer-ogg: 62fdf1f143b41e24485cea50d1cbac27 -> 
  custom:video-encoder-webm-vp8: eb34c28f22e8b96e1ab97ce403110664 -> 
  custom:video-codec-MediaFoundation-h265: 746d11721c4dcdbdad8f713fa42b33f4 -> 
  custom:video-decoder-webm-vp8: 9c59270c3fd7afecdb556c50c9e8de78 -> 
  custom:audio-decoder-ogg-vorbis: bf7c407c2cedff20999df2af8eb42d56 -> 
  custom:audio-encoder-webm-vorbis: bf7c407c2cedff20999df2af8eb42d56 -> 
========================================================================
Received Prepare
Refreshing native plugins compatible for Editor in 23.09 ms, found 9 plugins.
Preloading 4 native plugins for Editor in 0.68 ms.
Unloading 37 Unused Serialized files (Serialized files now loaded: 0)
System memory in use before: 78.3 MB.
System memory in use after: 78.6 MB.

Unloading 37 unused Assets to reduce memory usage. Loaded Objects now: 3381.
Total: 4.314700 ms (FindLiveObjects: 0.345300 ms CreateObjectMapping: 0.169100 ms MarkObjects: 3.772000 ms  DeleteObjects: 0.027300 ms)

AssetImportParameters requested are different than current active one (requested -> active):
  custom:framework-win-MediaFoundation: 216162199b28c13a410421893ffa2e32 -> 
  custom:video-decoder-ogg-theora: a1e56fd34408186e4bbccfd4996cb3dc -> 
  custom:container-muxer-webm: aa71ff27fc2769a1b78a27578f13a17b -> 
  custom:container-demuxer-webm: 4f35f7cbe854078d1ac9338744f61a02 -> 
  custom:container-demuxer-ogg: 62fdf1f143b41e24485cea50d1cbac27 -> 
  custom:video-encoder-webm-vp8: eb34c28f22e8b96e1ab97ce403110664 -> 
  custom:video-codec-MediaFoundation-h265: 746d11721c4dcdbdad8f713fa42b33f4 -> 
  custom:video-decoder-webm-vp8: 9c59270c3fd7afecdb556c50c9e8de78 -> 
  custom:audio-decoder-ogg-vorbis: bf7c407c2cedff20999df2af8eb42d56 -> 
  custom:audio-encoder-webm-vorbis: bf7c407c2cedff20999df2af8eb42d56 -> 
========================================================================
Received Prepare
Refreshing native plugins compatible for Editor in 20.67 ms, found 9 plugins.
Preloading 4 native plugins for Editor in 0.44 ms.
Unloading 37 Unused Serialized files (Serialized files now loaded: 0)
System memory in use before: 78.3 MB.
System memory in use after: 78.6 MB.

Unloading 37 unused Assets to reduce memory usage. Loaded Objects now: 3381.
Total: 4.909300 ms (FindLiveObjects: 0.275300 ms CreateObjectMapping: 0.131300 ms MarkObjects: 4.387600 ms  DeleteObjects: 0.111400 ms)

AssetImportParameters requested are different than current active one (requested -> active):
  custom:framework-win-MediaFoundation: 216162199b28c13a410421893ffa2e32 -> 
  custom:video-decoder-ogg-theora: a1e56fd34408186e4bbccfd4996cb3dc -> 
  custom:container-muxer-webm: aa71ff27fc2769a1b78a27578f13a17b -> 
  custom:container-demuxer-webm: 4f35f7cbe854078d1ac9338744f61a02 -> 
  custom:container-demuxer-ogg: 62fdf1f143b41e24485cea50d1cbac27 -> 
  custom:video-encoder-webm-vp8: eb34c28f22e8b96e1ab97ce403110664 -> 
  custom:video-codec-MediaFoundation-h265: 746d11721c4dcdbdad8f713fa42b33f4 -> 
  custom:video-decoder-webm-vp8: 9c59270c3fd7afecdb556c50c9e8de78 -> 
  custom:audio-decoder-ogg-vorbis: bf7c407c2cedff20999df2af8eb42d56 -> 
  custom:audio-encoder-webm-vorbis: bf7c407c2cedff20999df2af8eb42d56 -> 
========================================================================
Received Prepare
Refreshing native plugins compatible for Editor in 21.23 ms, found 9 plugins.
Preloading 4 native plugins for Editor in 0.41 ms.
Unloading 37 Unused Serialized files (Serialized files now loaded: 0)
System memory in use before: 78.3 MB.
System memory in use after: 78.6 MB.

Unloading 37 unused Assets to reduce memory usage. Loaded Objects now: 3381.
Total: 5.348900 ms (FindLiveObjects: 0.270400 ms CreateObjectMapping: 0.122100 ms MarkObjects: 4.897400 ms  DeleteObjects: 0.057500 ms)

AssetImportParameters requested are different than current active one (requested -> active):
  custom:framework-win-MediaFoundation: 216162199b28c13a410421893ffa2e32 -> 
  custom:video-decoder-ogg-theora: a1e56fd34408186e4bbccfd4996cb3dc -> 
  custom:container-muxer-webm: aa71ff27fc2769a1b78a27578f13a17b -> 
  custom:container-demuxer-webm: 4f35f7cbe854078d1ac9338744f61a02 -> 
  custom:container-demuxer-ogg: 62fdf1f143b41e24485cea50d1cbac27 -> 
  custom:video-encoder-webm-vp8: eb34c28f22e8b96e1ab97ce403110664 -> 
  custom:video-codec-MediaFoundation-h265: 746d11721c4dcdbdad8f713fa42b33f4 -> 
  custom:video-decoder-webm-vp8: 9c59270c3fd7afecdb556c50c9e8de78 -> 
  custom:audio-decoder-ogg-vorbis: bf7c407c2cedff20999df2af8eb42d56 -> 
  custom:audio-encoder-webm-vorbis: bf7c407c2cedff20999df2af8eb42d56 -> 
========================================================================
Received Prepare
Refreshing native plugins compatible for Editor in 20.79 ms, found 9 plugins.
Preloading 4 native plugins for Editor in 0.42 ms.
Unloading 37 Unused Serialized files (Serialized files now loaded: 0)
System memory in use before: 78.3 MB.
System memory in use after: 78.6 MB.

Unloading 37 unused Assets to reduce memory usage. Loaded Objects now: 3381.
Total: 5.795200 ms (FindLiveObjects: 0.643500 ms CreateObjectMapping: 0.330800 ms MarkObjects: 4.790100 ms  DeleteObjects: 0.029500 ms)

AssetImportParameters requested are different than current active one (requested -> active):
  custom:framework-win-MediaFoundation: 216162199b28c13a410421893ffa2e32 -> 
  custom:video-decoder-ogg-theora: a1e56fd34408186e4bbccfd4996cb3dc -> 
  custom:container-muxer-webm: aa71ff27fc2769a1b78a27578f13a17b -> 
  custom:container-demuxer-webm: 4f35f7cbe854078d1ac9338744f61a02 -> 
  custom:container-demuxer-ogg: 62fdf1f143b41e24485cea50d1cbac27 -> 
  custom:video-encoder-webm-vp8: eb34c28f22e8b96e1ab97ce403110664 -> 
  custom:video-codec-MediaFoundation-h265: 746d11721c4dcdbdad8f713fa42b33f4 -> 
  custom:video-decoder-webm-vp8: 9c59270c3fd7afecdb556c50c9e8de78 -> 
  custom:audio-decoder-ogg-vorbis: bf7c407c2cedff20999df2af8eb42d56 -> 
  custom:audio-encoder-webm-vorbis: bf7c407c2cedff20999df2af8eb42d56 -> 
========================================================================
Received Prepare
Refreshing native plugins compatible for Editor in 19.86 ms, found 9 plugins.
Preloading 4 native plugins for Editor in 0.47 ms.
Unloading 37 Unused Serialized files (Serialized files now loaded: 0)
System memory in use before: 78.3 MB.
System memory in use after: 78.6 MB.

Unloading 37 unused Assets to reduce memory usage. Loaded Objects now: 3381.
Total: 5.745400 ms (FindLiveObjects: 0.308400 ms CreateObjectMapping: 0.155800 ms MarkObjects: 5.255600 ms  DeleteObjects: 0.024600 ms)

AssetImportParameters requested are different than current active one (requested -> active):
  custom:framework-win-MediaFoundation: 216162199b28c13a410421893ffa2e32 -> 
  custom:video-decoder-ogg-theora: a1e56fd34408186e4bbccfd4996cb3dc -> 
  custom:container-muxer-webm: aa71ff27fc2769a1b78a27578f13a17b -> 
  custom:container-demuxer-webm: 4f35f7cbe854078d1ac9338744f61a02 -> 
  custom:container-demuxer-ogg: 62fdf1f143b41e24485cea50d1cbac27 -> 
  custom:video-encoder-webm-vp8: eb34c28f22e8b96e1ab97ce403110664 -> 
  custom:video-codec-MediaFoundation-h265: 746d11721c4dcdbdad8f713fa42b33f4 -> 
  custom:video-decoder-webm-vp8: 9c59270c3fd7afecdb556c50c9e8de78 -> 
  custom:audio-decoder-ogg-vorbis: bf7c407c2cedff20999df2af8eb42d56 -> 
  custom:audio-encoder-webm-vorbis: bf7c407c2cedff20999df2af8eb42d56 -> 
========================================================================
Received Prepare
Refreshing native plugins compatible for Editor in 20.98 ms, found 9 plugins.
Preloading 4 native plugins for Editor in 1.02 ms.
Unloading 37 Unused Serialized files (Serialized files now loaded: 0)
System memory in use before: 78.3 MB.
System memory in use after: 78.6 MB.

Unloading 37 unused Assets to reduce memory usage. Loaded Objects now: 3381.
Total: 5.223900 ms (FindLiveObjects: 1.225700 ms CreateObjectMapping: 0.242100 ms MarkObjects: 3.700000 ms  DeleteObjects: 0.038500 ms)

AssetImportParameters requested are different than current active one (requested -> active):
  custom:framework-win-MediaFoundation: 216162199b28c13a410421893ffa2e32 -> 
  custom:video-decoder-ogg-theora: a1e56fd34408186e4bbccfd4996cb3dc -> 
  custom:container-muxer-webm: aa71ff27fc2769a1b78a27578f13a17b -> 
  custom:container-demuxer-webm: 4f35f7cbe854078d1ac9338744f61a02 -> 
  custom:container-demuxer-ogg: 62fdf1f143b41e24485cea50d1cbac27 -> 
  custom:video-encoder-webm-vp8: eb34c28f22e8b96e1ab97ce403110664 -> 
  custom:video-codec-MediaFoundation-h265: 746d11721c4dcdbdad8f713fa42b33f4 -> 
  custom:video-decoder-webm-vp8: 9c59270c3fd7afecdb556c50c9e8de78 -> 
  custom:audio-decoder-ogg-vorbis: bf7c407c2cedff20999df2af8eb42d56 -> 
  custom:audio-encoder-webm-vorbis: bf7c407c2cedff20999df2af8eb42d56 -> 
========================================================================
Received Prepare
Refreshing native plugins compatible for Editor in 20.39 ms, found 9 plugins.
Preloading 4 native plugins for Editor in 0.77 ms.
Unloading 37 Unused Serialized files (Serialized files now loaded: 0)
System memory in use before: 78.3 MB.
System memory in use after: 78.6 MB.

Unloading 37 unused Assets to reduce memory usage. Loaded Objects now: 3381.
Total: 6.052700 ms (FindLiveObjects: 0.298900 ms CreateObjectMapping: 0.141400 ms MarkObjects: 5.572500 ms  DeleteObjects: 0.038800 ms)

AssetImportParameters requested are different than current active one (requested -> active):
  custom:framework-win-MediaFoundation: 216162199b28c13a410421893ffa2e32 -> 
  custom:video-decoder-ogg-theora: a1e56fd34408186e4bbccfd4996cb3dc -> 
  custom:container-muxer-webm: aa71ff27fc2769a1b78a27578f13a17b -> 
  custom:container-demuxer-webm: 4f35f7cbe854078d1ac9338744f61a02 -> 
  custom:container-demuxer-ogg: 62fdf1f143b41e24485cea50d1cbac27 -> 
  custom:video-encoder-webm-vp8: eb34c28f22e8b96e1ab97ce403110664 -> 
  custom:video-codec-MediaFoundation-h265: 746d11721c4dcdbdad8f713fa42b33f4 -> 
  custom:video-decoder-webm-vp8: 9c59270c3fd7afecdb556c50c9e8de78 -> 
  custom:audio-decoder-ogg-vorbis: bf7c407c2cedff20999df2af8eb42d56 -> 
  custom:audio-encoder-webm-vorbis: bf7c407c2cedff20999df2af8eb42d56 -> 
========================================================================
Received Prepare
Refreshing native plugins compatible for Editor in 19.30 ms, found 9 plugins.
Preloading 4 native plugins for Editor in 0.41 ms.
Unloading 37 Unused Serialized files (Serialized files now loaded: 0)
System memory in use before: 78.3 MB.
System memory in use after: 78.6 MB.

Unloading 37 unused Assets to reduce memory usage. Loaded Objects now: 3381.
Total: 5.005000 ms (FindLiveObjects: 0.246000 ms CreateObjectMapping: 0.129400 ms MarkObjects: 4.599700 ms  DeleteObjects: 0.028300 ms)

AssetImportParameters requested are different than current active one (requested -> active):
  custom:framework-win-MediaFoundation: 216162199b28c13a410421893ffa2e32 -> 
  custom:video-decoder-ogg-theora: a1e56fd34408186e4bbccfd4996cb3dc -> 
  custom:container-muxer-webm: aa71ff27fc2769a1b78a27578f13a17b -> 
  custom:container-demuxer-webm: 4f35f7cbe854078d1ac9338744f61a02 -> 
  custom:container-demuxer-ogg: 62fdf1f143b41e24485cea50d1cbac27 -> 
  custom:video-encoder-webm-vp8: eb34c28f22e8b96e1ab97ce403110664 -> 
  custom:video-codec-MediaFoundation-h265: 746d11721c4dcdbdad8f713fa42b33f4 -> 
  custom:video-decoder-webm-vp8: 9c59270c3fd7afecdb556c50c9e8de78 -> 
  custom:audio-decoder-ogg-vorbis: bf7c407c2cedff20999df2af8eb42d56 -> 
  custom:audio-encoder-webm-vorbis: bf7c407c2cedff20999df2af8eb42d56 -> 
========================================================================
Received Prepare
Refreshing native plugins compatible for Editor in 24.05 ms, found 9 plugins.
Preloading 4 native plugins for Editor in 0.43 ms.
Unloading 37 Unused Serialized files (Serialized files now loaded: 0)
System memory in use before: 78.3 MB.
System memory in use after: 78.6 MB.

Unloading 37 unused Assets to reduce memory usage. Loaded Objects now: 3381.
Total: 5.842200 ms (FindLiveObjects: 0.276100 ms CreateObjectMapping: 0.130700 ms MarkObjects: 5.407800 ms  DeleteObjects: 0.026500 ms)

AssetImportParameters requested are different than current active one (requested -> active):
  custom:framework-win-MediaFoundation: 216162199b28c13a410421893ffa2e32 -> 
  custom:video-decoder-ogg-theora: a1e56fd34408186e4bbccfd4996cb3dc -> 
  custom:container-muxer-webm: aa71ff27fc2769a1b78a27578f13a17b -> 
  custom:container-demuxer-webm: 4f35f7cbe854078d1ac9338744f61a02 -> 
  custom:container-demuxer-ogg: 62fdf1f143b41e24485cea50d1cbac27 -> 
  custom:video-encoder-webm-vp8: eb34c28f22e8b96e1ab97ce403110664 -> 
  custom:video-codec-MediaFoundation-h265: 746d11721c4dcdbdad8f713fa42b33f4 -> 
  custom:video-decoder-webm-vp8: 9c59270c3fd7afecdb556c50c9e8de78 -> 
  custom:audio-decoder-ogg-vorbis: bf7c407c2cedff20999df2af8eb42d56 -> 
  custom:audio-encoder-webm-vorbis: bf7c407c2cedff20999df2af8eb42d56 -> 
========================================================================
Received Prepare
Refreshing native plugins compatible for Editor in 21.15 ms, found 9 plugins.
Preloading 4 native plugins for Editor in 0.78 ms.
Unloading 37 Unused Serialized files (Serialized files now loaded: 0)
System memory in use before: 78.3 MB.
System memory in use after: 78.6 MB.

Unloading 37 unused Assets to reduce memory usage. Loaded Objects now: 3381.
Total: 4.865200 ms (FindLiveObjects: 0.273100 ms CreateObjectMapping: 0.122500 ms MarkObjects: 4.398700 ms  DeleteObjects: 0.068500 ms)

AssetImportParameters requested are different than current active one (requested -> active):
  custom:framework-win-MediaFoundation: 216162199b28c13a410421893ffa2e32 -> 
  custom:video-decoder-ogg-theora: a1e56fd34408186e4bbccfd4996cb3dc -> 
  custom:container-muxer-webm: aa71ff27fc2769a1b78a27578f13a17b -> 
  custom:container-demuxer-webm: 4f35f7cbe854078d1ac9338744f61a02 -> 
  custom:container-demuxer-ogg: 62fdf1f143b41e24485cea50d1cbac27 -> 
  custom:video-encoder-webm-vp8: eb34c28f22e8b96e1ab97ce403110664 -> 
  custom:video-codec-MediaFoundation-h265: 746d11721c4dcdbdad8f713fa42b33f4 -> 
  custom:video-decoder-webm-vp8: 9c59270c3fd7afecdb556c50c9e8de78 -> 
  custom:audio-decoder-ogg-vorbis: bf7c407c2cedff20999df2af8eb42d56 -> 
  custom:audio-encoder-webm-vorbis: bf7c407c2cedff20999df2af8eb42d56 -> 
========================================================================
Received Prepare
Refreshing native plugins compatible for Editor in 21.92 ms, found 9 plugins.
Preloading 4 native plugins for Editor in 0.65 ms.
Unloading 37 Unused Serialized files (Serialized files now loaded: 0)
System memory in use before: 78.3 MB.
System memory in use after: 78.6 MB.

Unloading 37 unused Assets to reduce memory usage. Loaded Objects now: 3381.
Total: 5.904700 ms (FindLiveObjects: 0.274200 ms CreateObjectMapping: 0.131000 ms MarkObjects: 5.357800 ms  DeleteObjects: 0.138500 ms)

AssetImportParameters requested are different than current active one (requested -> active):
  custom:framework-win-MediaFoundation: 216162199b28c13a410421893ffa2e32 -> 
  custom:video-decoder-ogg-theora: a1e56fd34408186e4bbccfd4996cb3dc -> 
  custom:container-muxer-webm: aa71ff27fc2769a1b78a27578f13a17b -> 
  custom:container-demuxer-webm: 4f35f7cbe854078d1ac9338744f61a02 -> 
  custom:container-demuxer-ogg: 62fdf1f143b41e24485cea50d1cbac27 -> 
  custom:video-encoder-webm-vp8: eb34c28f22e8b96e1ab97ce403110664 -> 
  custom:video-codec-MediaFoundation-h265: 746d11721c4dcdbdad8f713fa42b33f4 -> 
  custom:video-decoder-webm-vp8: 9c59270c3fd7afecdb556c50c9e8de78 -> 
  custom:audio-decoder-ogg-vorbis: bf7c407c2cedff20999df2af8eb42d56 -> 
  custom:audio-encoder-webm-vorbis: bf7c407c2cedff20999df2af8eb42d56 -> 
========================================================================
Received Prepare
Refreshing native plugins compatible for Editor in 31.55 ms, found 9 plugins.
Preloading 4 native plugins for Editor in 1.33 ms.
Unloading 37 Unused Serialized files (Serialized files now loaded: 0)
System memory in use before: 75.8 MB.
System memory in use after: 76.0 MB.

Unloading 37 unused Assets to reduce memory usage. Loaded Objects now: 3381.
Total: 6.885500 ms (FindLiveObjects: 0.675900 ms CreateObjectMapping: 0.292800 ms MarkObjects: 5.774400 ms  DeleteObjects: 0.137700 ms)

AssetImportParameters requested are different than current active one (requested -> active):
  custom:framework-win-MediaFoundation: 216162199b28c13a410421893ffa2e32 -> 
  custom:video-decoder-ogg-theora: a1e56fd34408186e4bbccfd4996cb3dc -> 
  custom:container-muxer-webm: aa71ff27fc2769a1b78a27578f13a17b -> 
  custom:container-demuxer-webm: 4f35f7cbe854078d1ac9338744f61a02 -> 
  custom:container-demuxer-ogg: 62fdf1f143b41e24485cea50d1cbac27 -> 
  custom:video-encoder-webm-vp8: eb34c28f22e8b96e1ab97ce403110664 -> 
  custom:video-codec-MediaFoundation-h265: 746d11721c4dcdbdad8f713fa42b33f4 -> 
  custom:video-decoder-webm-vp8: 9c59270c3fd7afecdb556c50c9e8de78 -> 
  custom:audio-decoder-ogg-vorbis: bf7c407c2cedff20999df2af8eb42d56 -> 
  custom:audio-encoder-webm-vorbis: bf7c407c2cedff20999df2af8eb42d56 -> 
========================================================================
Received Prepare
Refreshing native plugins compatible for Editor in 23.82 ms, found 9 plugins.
Preloading 4 native plugins for Editor in 0.95 ms.
Unloading 37 Unused Serialized files (Serialized files now loaded: 0)
System memory in use before: 75.8 MB.
System memory in use after: 76.0 MB.

Unloading 37 unused Assets to reduce memory usage. Loaded Objects now: 3381.
Total: 5.233800 ms (FindLiveObjects: 0.334200 ms CreateObjectMapping: 0.208100 ms MarkObjects: 4.647800 ms  DeleteObjects: 0.042300 ms)

AssetImportParameters requested are different than current active one (requested -> active):
  custom:framework-win-MediaFoundation: 216162199b28c13a410421893ffa2e32 -> 
  custom:video-decoder-ogg-theora: a1e56fd34408186e4bbccfd4996cb3dc -> 
  custom:container-muxer-webm: aa71ff27fc2769a1b78a27578f13a17b -> 
  custom:container-demuxer-webm: 4f35f7cbe854078d1ac9338744f61a02 -> 
  custom:container-demuxer-ogg: 62fdf1f143b41e24485cea50d1cbac27 -> 
  custom:video-encoder-webm-vp8: eb34c28f22e8b96e1ab97ce403110664 -> 
  custom:video-codec-MediaFoundation-h265: 746d11721c4dcdbdad8f713fa42b33f4 -> 
  custom:video-decoder-webm-vp8: 9c59270c3fd7afecdb556c50c9e8de78 -> 
  custom:audio-decoder-ogg-vorbis: bf7c407c2cedff20999df2af8eb42d56 -> 
  custom:audio-encoder-webm-vorbis: bf7c407c2cedff20999df2af8eb42d56 -> 
========================================================================
Received Prepare
Refreshing native plugins compatible for Editor in 18.65 ms, found 9 plugins.
Preloading 4 native plugins for Editor in 0.66 ms.
Unloading 37 Unused Serialized files (Serialized files now loaded: 0)
System memory in use before: 75.8 MB.
System memory in use after: 76.0 MB.

Unloading 37 unused Assets to reduce memory usage. Loaded Objects now: 3381.
Total: 3.975200 ms (FindLiveObjects: 0.366500 ms CreateObjectMapping: 0.138800 ms MarkObjects: 3.445800 ms  DeleteObjects: 0.022800 ms)

AssetImportParameters requested are different than current active one (requested -> active):
  custom:framework-win-MediaFoundation: 216162199b28c13a410421893ffa2e32 -> 
  custom:video-decoder-ogg-theora: a1e56fd34408186e4bbccfd4996cb3dc -> 
  custom:container-muxer-webm: aa71ff27fc2769a1b78a27578f13a17b -> 
  custom:container-demuxer-webm: 4f35f7cbe854078d1ac9338744f61a02 -> 
  custom:container-demuxer-ogg: 62fdf1f143b41e24485cea50d1cbac27 -> 
  custom:video-encoder-webm-vp8: eb34c28f22e8b96e1ab97ce403110664 -> 
  custom:video-codec-MediaFoundation-h265: 746d11721c4dcdbdad8f713fa42b33f4 -> 
  custom:video-decoder-webm-vp8: 9c59270c3fd7afecdb556c50c9e8de78 -> 
  custom:audio-decoder-ogg-vorbis: bf7c407c2cedff20999df2af8eb42d56 -> 
  custom:audio-encoder-webm-vorbis: bf7c407c2cedff20999df2af8eb42d56 -> 
========================================================================
Received Prepare
Refreshing native plugins compatible for Editor in 27.06 ms, found 9 plugins.
Preloading 4 native plugins for Editor in 0.49 ms.
Unloading 37 Unused Serialized files (Serialized files now loaded: 0)
System memory in use before: 75.8 MB.
System memory in use after: 76.0 MB.

Unloading 37 unused Assets to reduce memory usage. Loaded Objects now: 3381.
Total: 5.647100 ms (FindLiveObjects: 0.368500 ms CreateObjectMapping: 0.175100 ms MarkObjects: 5.058300 ms  DeleteObjects: 0.043700 ms)

AssetImportParameters requested are different than current active one (requested -> active):
  custom:framework-win-MediaFoundation: 216162199b28c13a410421893ffa2e32 -> 
  custom:video-decoder-ogg-theora: a1e56fd34408186e4bbccfd4996cb3dc -> 
  custom:container-muxer-webm: aa71ff27fc2769a1b78a27578f13a17b -> 
  custom:container-demuxer-webm: 4f35f7cbe854078d1ac9338744f61a02 -> 
  custom:container-demuxer-ogg: 62fdf1f143b41e24485cea50d1cbac27 -> 
  custom:video-encoder-webm-vp8: eb34c28f22e8b96e1ab97ce403110664 -> 
  custom:video-codec-MediaFoundation-h265: 746d11721c4dcdbdad8f713fa42b33f4 -> 
  custom:video-decoder-webm-vp8: 9c59270c3fd7afecdb556c50c9e8de78 -> 
  custom:audio-decoder-ogg-vorbis: bf7c407c2cedff20999df2af8eb42d56 -> 
  custom:audio-encoder-webm-vorbis: bf7c407c2cedff20999df2af8eb42d56 -> 
========================================================================
Received Import Request.
  Time since last request: 2579.323875 seconds.
  path: Assets/CaptainVR hub stuff/docks/wlparts.jpg
  artifactKey: Guid(b4b67e0538cac424eaea52df8182e148) Importer(815301076,1909f56bfc062723c751e8b465ee728b)
Start importing Assets/CaptainVR hub stuff/docks/wlparts.jpg using Guid(b4b67e0538cac424eaea52df8182e148) Importer(815301076,1909f56bfc062723c751e8b465ee728b)  -> (artifact id: '6a7dd9231edc282daafd1db33f931b66') in 0.382678 seconds 
  Import took 0.603939 seconds .

========================================================================
Received Import Request.
  Time since last request: 0.000218 seconds.
  path: Assets/CaptainVR hub stuff/docks/wlprtsnm.jpg
  artifactKey: Guid(f39b780f0d528a44599ef22ef09a9b99) Importer(815301076,1909f56bfc062723c751e8b465ee728b)
Start importing Assets/CaptainVR hub stuff/docks/wlprtsnm.jpg using Guid(f39b780f0d528a44599ef22ef09a9b99) Importer(815301076,1909f56bfc062723c751e8b465ee728b)  -> (artifact id: 'acdc69f62064ed79e9248b064cff0ed7') in 0.038816 seconds 
  Import took 0.349795 seconds .

========================================================================
Received Import Request.
  Time since last request: 0.000630 seconds.
  path: Assets/CaptainVR hub stuff/docks/wlprtspc.jpg
  artifactKey: Guid(472d5fc1b788ace40b6b5c3fadb1fe10) Importer(815301076,1909f56bfc062723c751e8b465ee728b)
Start importing Assets/CaptainVR hub stuff/docks/wlprtspc.jpg using Guid(472d5fc1b788ace40b6b5c3fadb1fe10) Importer(815301076,1909f56bfc062723c751e8b465ee728b)  -> (artifact id: 'ce7c8dfbbf42e0a45005ebcd34251735') in 0.033441 seconds 
  Import took 0.072435 seconds .

========================================================================
Received Import Request.
  Time since last request: 38.793138 seconds.
  path: Assets/CaptainVR hub stuff/docks/wlparts.jpg
  artifactKey: Guid(b4b67e0538cac424eaea52df8182e148) Importer(815301076,1909f56bfc062723c751e8b465ee728b)
Start importing Assets/CaptainVR hub stuff/docks/wlparts.jpg using Guid(b4b67e0538cac424eaea52df8182e148) Importer(815301076,1909f56bfc062723c751e8b465ee728b)  -> (artifact id: '6a7dd9231edc282daafd1db33f931b66') in 0.027555 seconds 
  Import took 0.037157 seconds .

========================================================================
Received Prepare
Refreshing native plugins compatible for Editor in 21.78 ms, found 9 plugins.
Preloading 4 native plugins for Editor in 1.32 ms.
Unloading 37 Unused Serialized files (Serialized files now loaded: 0)
System memory in use before: 78.3 MB.
System memory in use after: 78.6 MB.

Unloading 37 unused Assets to reduce memory usage. Loaded Objects now: 3381.
Total: 4.165800 ms (FindLiveObjects: 0.372300 ms CreateObjectMapping: 0.135800 ms MarkObjects: 3.634400 ms  DeleteObjects: 0.021900 ms)

AssetImportParameters requested are different than current active one (requested -> active):
  custom:framework-win-MediaFoundation: 216162199b28c13a410421893ffa2e32 -> 
  custom:video-decoder-ogg-theora: a1e56fd34408186e4bbccfd4996cb3dc -> 
  custom:container-muxer-webm: aa71ff27fc2769a1b78a27578f13a17b -> 
  custom:container-demuxer-webm: 4f35f7cbe854078d1ac9338744f61a02 -> 
  custom:container-demuxer-ogg: 62fdf1f143b41e24485cea50d1cbac27 -> 
  custom:video-encoder-webm-vp8: eb34c28f22e8b96e1ab97ce403110664 -> 
  custom:video-codec-MediaFoundation-h265: 746d11721c4dcdbdad8f713fa42b33f4 -> 
  custom:video-decoder-webm-vp8: 9c59270c3fd7afecdb556c50c9e8de78 -> 
  custom:audio-decoder-ogg-vorbis: bf7c407c2cedff20999df2af8eb42d56 -> 
  custom:audio-encoder-webm-vorbis: bf7c407c2cedff20999df2af8eb42d56 -> 
========================================================================
Received Prepare
Refreshing native plugins compatible for Editor in 22.83 ms, found 9 plugins.
Preloading 4 native plugins for Editor in 1.40 ms.
Unloading 37 Unused Serialized files (Serialized files now loaded: 0)
System memory in use before: 78.3 MB.
System memory in use after: 78.6 MB.

Unloading 37 unused Assets to reduce memory usage. Loaded Objects now: 3381.
Total: 9.433000 ms (FindLiveObjects: 0.508000 ms CreateObjectMapping: 0.213600 ms MarkObjects: 8.674300 ms  DeleteObjects: 0.035700 ms)

AssetImportParameters requested are different than current active one (requested -> active):
  custom:framework-win-MediaFoundation: 216162199b28c13a410421893ffa2e32 -> 
  custom:video-decoder-ogg-theora: a1e56fd34408186e4bbccfd4996cb3dc -> 
  custom:container-muxer-webm: aa71ff27fc2769a1b78a27578f13a17b -> 
  custom:container-demuxer-webm: 4f35f7cbe854078d1ac9338744f61a02 -> 
  custom:container-demuxer-ogg: 62fdf1f143b41e24485cea50d1cbac27 -> 
  custom:video-encoder-webm-vp8: eb34c28f22e8b96e1ab97ce403110664 -> 
  custom:video-codec-MediaFoundation-h265: 746d11721c4dcdbdad8f713fa42b33f4 -> 
  custom:video-decoder-webm-vp8: 9c59270c3fd7afecdb556c50c9e8de78 -> 
  custom:audio-decoder-ogg-vorbis: bf7c407c2cedff20999df2af8eb42d56 -> 
  custom:audio-encoder-webm-vorbis: bf7c407c2cedff20999df2af8eb42d56 -> 
========================================================================
Received Prepare
Refreshing native plugins compatible for Editor in 26.10 ms, found 9 plugins.
Preloading 4 native plugins for Editor in 0.49 ms.
Unloading 37 Unused Serialized files (Serialized files now loaded: 0)
System memory in use before: 78.3 MB.
System memory in use after: 78.6 MB.

Unloading 37 unused Assets to reduce memory usage. Loaded Objects now: 3381.
Total: 5.128300 ms (FindLiveObjects: 0.272200 ms CreateObjectMapping: 0.121800 ms MarkObjects: 4.689000 ms  DeleteObjects: 0.043600 ms)

AssetImportParameters requested are different than current active one (requested -> active):
  custom:framework-win-MediaFoundation: 216162199b28c13a410421893ffa2e32 -> 
  custom:video-decoder-ogg-theora: a1e56fd34408186e4bbccfd4996cb3dc -> 
  custom:container-muxer-webm: aa71ff27fc2769a1b78a27578f13a17b -> 
  custom:container-demuxer-webm: 4f35f7cbe854078d1ac9338744f61a02 -> 
  custom:container-demuxer-ogg: 62fdf1f143b41e24485cea50d1cbac27 -> 
  custom:video-encoder-webm-vp8: eb34c28f22e8b96e1ab97ce403110664 -> 
  custom:video-codec-MediaFoundation-h265: 746d11721c4dcdbdad8f713fa42b33f4 -> 
  custom:video-decoder-webm-vp8: 9c59270c3fd7afecdb556c50c9e8de78 -> 
  custom:audio-decoder-ogg-vorbis: bf7c407c2cedff20999df2af8eb42d56 -> 
  custom:audio-encoder-webm-vorbis: bf7c407c2cedff20999df2af8eb42d56 -> 
