Using pre-set license
Built from '2020.3/staging' branch; Version is '2020.3.18f1 (a7d1c678663c) revision 10998214'; Using compiler version '192528614'; Build Type 'Release'
OS: 'Windows 10 Pro; OS build 19043.1682; Version 2009; 64bit' Language: 'en' Physical Memory: 16318 MB
BatchMode: 1, IsHumanControllingUs: 0, StartBugReporterOnCrash: 0, Is64bit: 1, IsPro: 0

COMMAND LINE ARGUMENTS:
Z:\Unity Engine\2020.3.18f1\Editor\Unity.exe
-adb2
-batchMode
-noUpm
-name
AssetImportWorker0
-projectPath
F:/SCHOOL/CaptainVR/CaptainVRTests
-logFile
Logs/AssetImportWorker0.log
-srvPort
53191
Successfully changed project path to: F:/SCHOOL/CaptainVR/CaptainVRTests
F:/SCHOOL/CaptainVR/CaptainVRTests
Using Asset Import Pipeline V2.
Refreshing native plugins compatible for Editor in 85.58 ms, found 9 plugins.
Preloading 4 native plugins for Editor in 3.59 ms.
Initialize engine version: 2020.3.18f1 (a7d1c678663c)
[Subsystems] Discovering subsystems at path Z:/Unity Engine/2020.3.18f1/Editor/Data/Resources/UnitySubsystems
[Subsystems] Discovering subsystems at path F:/SCHOOL/CaptainVR/CaptainVRTests/Assets
GfxDevice: creating device client; threaded=0
Direct3D:
    Version:  Direct3D 11.0 [level 11.1]
    Renderer: NVIDIA GeForce RTX 3070 (ID=0x2484)
    Vendor:   
    VRAM:     8043 MB
    Driver:   31.0.15.1694
Initialize mono
Mono path[0] = 'Z:/Unity Engine/2020.3.18f1/Editor/Data/Managed'
Mono path[1] = 'Z:/Unity Engine/2020.3.18f1/Editor/Data/MonoBleedingEdge/lib/mono/unityjit'
Mono config path = 'Z:/Unity Engine/2020.3.18f1/Editor/Data/MonoBleedingEdge/etc'
Using monoOptions --debugger-agent=transport=dt_socket,embedding=1,server=y,suspend=n,address=127.0.0.1:56648
Begin MonoManager ReloadAssembly
Registering precompiled unity dll's ...
Register platform support module: Z:/Unity Engine/2020.3.18f1/Editor/Data/PlaybackEngines/MacStandaloneSupport/UnityEditor.OSXStandalone.Extensions.dll
Register platform support module: Z:/Unity Engine/2020.3.18f1/Editor/Data/PlaybackEngines/WindowsStandaloneSupport/UnityEditor.WindowsStandalone.Extensions.dll
Registered in 0.006002 seconds.
Native extension for WindowsStandalone target not found
Native extension for OSXStandalone target not found
Refreshing native plugins compatible for Editor in 80.61 ms, found 9 plugins.
Preloading 4 native plugins for Editor in 0.13 ms.
Mono: successfully reloaded assembly
- Completed reload, in  1.666 seconds
Domain Reload Profiling:
	ReloadAssembly (1667ms)
		BeginReloadAssembly (88ms)
			ExecutionOrderSort (0ms)
			DisableScriptedObjects (0ms)
			BackupInstance (0ms)
			ReleaseScriptingObjects (0ms)
			CreateAndSetChildDomain (1ms)
		EndReloadAssembly (523ms)
			LoadAssemblies (83ms)
			RebuildTransferFunctionScriptingTraits (0ms)
			SetupTypeCache (171ms)
			ReleaseScriptCaches (0ms)
			RebuildScriptCaches (32ms)
			SetupLoadedEditorAssemblies (228ms)
				LogAssemblyErrors (0ms)
				InitializePlatformSupportModulesInManaged (6ms)
				SetLoadedEditorAssemblies (0ms)
				RefreshPlugins (81ms)
				BeforeProcessingInitializeOnLoad (19ms)
				ProcessInitializeOnLoadAttributes (89ms)
				ProcessInitializeOnLoadMethodAttributes (33ms)
				AfterProcessingInitializeOnLoad (0ms)
				EditorAssembliesLoaded (0ms)
			ExecutionOrderSort2 (0ms)
			AwakeInstancesAfterBackupRestoration (0ms)
Platform modules already initialized, skipping
Registering precompiled user dll's ...
Registered in 0.012483 seconds.
Begin MonoManager ReloadAssembly
Native extension for WindowsStandalone target not found
Native extension for OSXStandalone target not found
Refreshing native plugins compatible for Editor in 79.14 ms, found 9 plugins.
Preloading 4 native plugins for Editor in 0.14 ms.
[XR] OculusXRPlugin: registering subsystems
[XR] Unable to register display lifecyle provider: [1]
[XR] Oculus Input lifecycle provider registered.
[XR] Unable to register input lifecyle provider: [1]
System.Reflection.TargetInvocationException: Exception has been thrown by the target of an invocation. ---> System.NullReferenceException: Object reference not set to an instance of an object
  at Unity.XR.Oculus.OculusLoader.AssetPathToAbsolutePath (System.String assetPath) [0x00048] in F:\SCHOOL\CaptainVR\CaptainVRTests\Library\PackageCache\com.unity.xr.oculus@1.10.0\Runtime\OculusLoader.cs:250 
  at Unity.XR.Oculus.OculusLoader.EditorLoadOVRPlugin () [0x0007b] in F:\SCHOOL\CaptainVR\CaptainVRTests\Library\PackageCache\com.unity.xr.oculus@1.10.0\Runtime\OculusLoader.cs:235 
  at (wrapper managed-to-native) System.Reflection.MonoMethod.InternalInvoke(System.Reflection.MonoMethod,object,object[],System.Exception&)
  at System.Reflection.MonoMethod.Invoke (System.Object obj, System.Reflection.BindingFlags invokeAttr, System.Reflection.Binder binder, System.Object[] parameters, System.Globalization.CultureInfo culture) [0x00032] in <695d1cc93cca45069c528c15c9fdd749>:0 
   --- End of inner exception stack trace ---
  at System.Reflection.MonoMethod.Invoke (System.Object obj, System.Reflection.BindingFlags invokeAttr, System.Reflection.Binder binder, System.Object[] parameters, System.Globalization.CultureInfo culture) [0x00048] in <695d1cc93cca45069c528c15c9fdd749>:0 
  at System.Reflection.MethodBase.Invoke (System.Object obj, System.Object[] parameters) [0x00000] in <695d1cc93cca45069c528c15c9fdd749>:0 
  at UnityEditor.EditorAssemblies.ProcessInitializeOnLoadMethodAttributes () [0x00047] in <5ad584e208e14caaa9e6b2e6027e9204>:0 
UnityEngine.StackTraceUtility:ExtractStackTrace ()
UnityEngine.DebugLogHandler:LogFormat (UnityEngine.LogType,UnityEngine.Object,string,object[])
UnityEngine.Logger:Log (UnityEngine.LogType,object)
UnityEngine.Debug:LogError (object)
UnityEditor.EditorAssemblies:ProcessInitializeOnLoadMethodAttributes ()

Mono: successfully reloaded assembly
- Completed reload, in  1.581 seconds
Domain Reload Profiling:
	ReloadAssembly (1583ms)
		BeginReloadAssembly (191ms)
			ExecutionOrderSort (0ms)
			DisableScriptedObjects (6ms)
			BackupInstance (0ms)
			ReleaseScriptingObjects (0ms)
			CreateAndSetChildDomain (20ms)
		EndReloadAssembly (1304ms)
			LoadAssemblies (133ms)
			RebuildTransferFunctionScriptingTraits (0ms)
			SetupTypeCache (404ms)
			ReleaseScriptCaches (1ms)
			RebuildScriptCaches (54ms)
			SetupLoadedEditorAssemblies (571ms)
				LogAssemblyErrors (0ms)
				InitializePlatformSupportModulesInManaged (7ms)
				SetLoadedEditorAssemblies (0ms)
				RefreshPlugins (79ms)
				BeforeProcessingInitializeOnLoad (114ms)
				ProcessInitializeOnLoadAttributes (234ms)
				ProcessInitializeOnLoadMethodAttributes (119ms)
				AfterProcessingInitializeOnLoad (17ms)
				EditorAssembliesLoaded (0ms)
			ExecutionOrderSort2 (0ms)
			AwakeInstancesAfterBackupRestoration (8ms)
Platform modules already initialized, skipping
========================================================================
Worker process is ready to serve import requests
Launched and connected shader compiler UnityShaderCompiler.exe after 0.06 seconds
Refreshing native plugins compatible for Editor in 0.93 ms, found 9 plugins.
Preloading 4 native plugins for Editor in 0.14 ms.
Unloading 2842 Unused Serialized files (Serialized files now loaded: 0)
System memory in use before: 138.7 MB.
System memory in use after: 138.9 MB.

Unloading 45 unused Assets to reduce memory usage. Loaded Objects now: 3282.
Total: 3.865000 ms (FindLiveObjects: 0.310100 ms CreateObjectMapping: 0.076300 ms MarkObjects: 3.374900 ms  DeleteObjects: 0.102100 ms)

AssetImportParameters requested are different than current active one (requested -> active):
  custom:framework-win-MediaFoundation: 216162199b28c13a410421893ffa2e32 -> 
  custom:video-decoder-ogg-theora: a1e56fd34408186e4bbccfd4996cb3dc -> 
  custom:container-muxer-webm: aa71ff27fc2769a1b78a27578f13a17b -> 
  custom:container-demuxer-webm: 4f35f7cbe854078d1ac9338744f61a02 -> 
  custom:container-demuxer-ogg: 62fdf1f143b41e24485cea50d1cbac27 -> 
  custom:video-encoder-webm-vp8: eb34c28f22e8b96e1ab97ce403110664 -> 
  custom:video-decoder-webm-vp8: 9c59270c3fd7afecdb556c50c9e8de78 -> 
  custom:audio-decoder-ogg-vorbis: bf7c407c2cedff20999df2af8eb42d56 -> 
  custom:audio-encoder-webm-vorbis: bf7c407c2cedff20999df2af8eb42d56 -> 
========================================================================
Received Import Request.
  path: Assets/New Terrain 2.asset
  artifactKey: Guid(0a5419dc057088a44bf9ffd6473974a4) Importer(815301076,1909f56bfc062723c751e8b465ee728b)
Start importing Assets/New Terrain 2.asset using Guid(0a5419dc057088a44bf9ffd6473974a4) Importer(815301076,1909f56bfc062723c751e8b465ee728b)  -> (artifact id: '2f9cefd92b2752aa62514f236b18313f') in 0.055379 seconds 
  Import took 0.063061 seconds .

========================================================================
Received Import Request.
  Time since last request: 0.000179 seconds.
  path: Assets/New Terrain 1.asset
  artifactKey: Guid(30763ac930ec958479eec1f062fd28e7) Importer(815301076,1909f56bfc062723c751e8b465ee728b)
Start importing Assets/New Terrain 1.asset using Guid(30763ac930ec958479eec1f062fd28e7) Importer(815301076,1909f56bfc062723c751e8b465ee728b)  -> (artifact id: '411c9971cc063e83ff547083d5192281') in 0.010844 seconds 
  Import took 0.015942 seconds .

========================================================================
Received Import Request.
  Time since last request: 2.326669 seconds.
  path: Assets/CaptainVR hub stuff/terrain materials
  artifactKey: Guid(bc29afec7eee0244a95be78900707c04) Importer(815301076,1909f56bfc062723c751e8b465ee728b)
Start importing Assets/CaptainVR hub stuff/terrain materials using Guid(bc29afec7eee0244a95be78900707c04) Importer(815301076,1909f56bfc062723c751e8b465ee728b)  -> (artifact id: '2535dcbd22a99d29d3dc5c6b91451f67') in 0.006011 seconds 
  Import took 0.012278 seconds .

========================================================================
Received Import Request.
  Time since last request: 91.679349 seconds.
  path: Assets/CaptainVR hub stuff/terrain materials/sand.jpg
  artifactKey: Guid(2ae2c6c9d97dff849a18d3bdd8c63180) Importer(815301076,1909f56bfc062723c751e8b465ee728b)
Start importing Assets/CaptainVR hub stuff/terrain materials/sand.jpg using Guid(2ae2c6c9d97dff849a18d3bdd8c63180) Importer(815301076,1909f56bfc062723c751e8b465ee728b)  -> (artifact id: '878f0c49346b9e8b7eeee792f08e4159') in 0.055829 seconds 
  Import took 0.061518 seconds .

========================================================================
Received Import Request.
  Time since last request: 243.958690 seconds.
  path: Assets/POLYGON city pack/Meshes,textures/props_FBX/Unbenannt.png
  artifactKey: Guid(15cf9090a45f29448831b15bb6d30f35) Importer(815301076,1909f56bfc062723c751e8b465ee728b)
Start importing Assets/POLYGON city pack/Meshes,textures/props_FBX/Unbenannt.png using Guid(15cf9090a45f29448831b15bb6d30f35) Importer(815301076,1909f56bfc062723c751e8b465ee728b)  -> (artifact id: '79b2463413617431c8c8b83dec23870b') in 0.023200 seconds 
  Import took 0.029597 seconds .

========================================================================
Received Import Request.
  Time since last request: 0.000215 seconds.
  path: Assets/Stylize Water Texture/Textures/Vol_36_5_Roughness.png
  artifactKey: Guid(f10d29a80bdd36144b8303811abc46ff) Importer(815301076,1909f56bfc062723c751e8b465ee728b)
Start importing Assets/Stylize Water Texture/Textures/Vol_36_5_Roughness.png using Guid(f10d29a80bdd36144b8303811abc46ff) Importer(815301076,1909f56bfc062723c751e8b465ee728b)  -> (artifact id: '38ab29bc9d9e370fb581a5fe9d5de66c') in 0.030756 seconds 
  Import took 0.037098 seconds .

========================================================================
Received Import Request.
  Time since last request: 0.000213 seconds.
  path: Assets/Stylize Water Texture/Textures/Vol_36_5_Height.png
  artifactKey: Guid(ef65c313b280a3245b7badb32cdc1c56) Importer(815301076,1909f56bfc062723c751e8b465ee728b)
Start importing Assets/Stylize Water Texture/Textures/Vol_36_5_Height.png using Guid(ef65c313b280a3245b7badb32cdc1c56) Importer(815301076,1909f56bfc062723c751e8b465ee728b)  -> (artifact id: '0337c8d13658125ba7f924147cccd022') in 0.028181 seconds 
  Import took 0.034072 seconds .

========================================================================
Received Import Request.
  Time since last request: 0.000215 seconds.
  path: Assets/POLYGON city pack/Meshes,textures/Buildings_FBX/y_1.png
  artifactKey: Guid(51f43de7d4b275f4d8acec6f5d9b062d) Importer(815301076,1909f56bfc062723c751e8b465ee728b)
Start importing Assets/POLYGON city pack/Meshes,textures/Buildings_FBX/y_1.png using Guid(51f43de7d4b275f4d8acec6f5d9b062d) Importer(815301076,1909f56bfc062723c751e8b465ee728b)  -> (artifact id: '45aacfc67012065099869d30ac6fd79f') in 0.045467 seconds 
  Import took 0.051274 seconds .

========================================================================
Received Import Request.
  Time since last request: 0.000208 seconds.
  path: Assets/SkySeries Freebie/FreebieHdri/UnderTheSea4k.hdr
  artifactKey: Guid(26cddb2a3a1bc804d8e9ca09b109793a) Importer(815301076,1909f56bfc062723c751e8b465ee728b)
Start importing Assets/SkySeries Freebie/FreebieHdri/UnderTheSea4k.hdr using Guid(26cddb2a3a1bc804d8e9ca09b109793a) Importer(815301076,1909f56bfc062723c751e8b465ee728b)  -> (artifact id: 'faee6b2e32d3c0ee7645308700634963') in 0.319054 seconds 
  Import took 0.327399 seconds .

========================================================================
Received Import Request.
  Time since last request: 0.000269 seconds.
  path: Assets/POLYGON city pack/Meshes,textures/props_FBX/water tank texture.png
  artifactKey: Guid(d4715bc242d5ec7479e85762e7bb650b) Importer(815301076,1909f56bfc062723c751e8b465ee728b)
Start importing Assets/POLYGON city pack/Meshes,textures/props_FBX/water tank texture.png using Guid(d4715bc242d5ec7479e85762e7bb650b) Importer(815301076,1909f56bfc062723c751e8b465ee728b)  -> (artifact id: 'adf414e35c921c2b594fcaec810b4fa1') in 0.019166 seconds 
  Import took 0.025598 seconds .

========================================================================
Received Import Request.
  Time since last request: 0.000223 seconds.
  path: Assets/SkySeries Freebie/FreebieHdri/UnearthlyRed4k.hdr
  artifactKey: Guid(a3de28b69b48944438c87668bd722ae7) Importer(815301076,1909f56bfc062723c751e8b465ee728b)
Start importing Assets/SkySeries Freebie/FreebieHdri/UnearthlyRed4k.hdr using Guid(a3de28b69b48944438c87668bd722ae7) Importer(815301076,1909f56bfc062723c751e8b465ee728b)  -> (artifact id: '3a6a0bfa1a97f641ac72693e0b4a281f') in 0.135867 seconds 
  Import took 0.143783 seconds .

========================================================================
Received Import Request.
  Time since last request: 0.000206 seconds.
  path: Assets/Stylize Water Texture/Textures/Vol_36_5_Base_Color.png
  artifactKey: Guid(aa701e5be2dbcd24aad4fb9c3ca284da) Importer(815301076,1909f56bfc062723c751e8b465ee728b)
Start importing Assets/Stylize Water Texture/Textures/Vol_36_5_Base_Color.png using Guid(aa701e5be2dbcd24aad4fb9c3ca284da) Importer(815301076,1909f56bfc062723c751e8b465ee728b)  -> (artifact id: '213074ff763d7d8ef7a175f86ede3744') in 0.026403 seconds 
  Import took 0.032920 seconds .

========================================================================
Received Import Request.
  Time since last request: 0.000245 seconds.
  path: Assets/POLYGON city pack/Meshes,textures/props_FBX/wood pot.png
  artifactKey: Guid(f3d1c74f478041149b5f86617a111065) Importer(815301076,1909f56bfc062723c751e8b465ee728b)
Start importing Assets/POLYGON city pack/Meshes,textures/props_FBX/wood pot.png using Guid(f3d1c74f478041149b5f86617a111065) Importer(815301076,1909f56bfc062723c751e8b465ee728b)  -> (artifact id: '79fb5dac695ad69d4f901aea87b431de') in 0.016764 seconds 
  Import took 0.022238 seconds .

========================================================================
Received Import Request.
  Time since last request: 0.000231 seconds.
  path: Assets/Stylize Water Texture/Textures/Vol_36_5_Normal.png
  artifactKey: Guid(f805e88d3eaf0f046ac4ed03de5c7c3e) Importer(815301076,1909f56bfc062723c751e8b465ee728b)
Start importing Assets/Stylize Water Texture/Textures/Vol_36_5_Normal.png using Guid(f805e88d3eaf0f046ac4ed03de5c7c3e) Importer(815301076,1909f56bfc062723c751e8b465ee728b)  -> (artifact id: '021618c332b69880c76d66191158ef1b') in 0.140405 seconds 
  Import took 0.147008 seconds .

========================================================================
Received Import Request.
  Time since last request: 0.000420 seconds.
  path: Assets/Stylize Water Texture/Textures/Vol_36_5_Ambient_Occlusion.png
  artifactKey: Guid(5e3b47c76d4c55d44be834515b7fe551) Importer(815301076,1909f56bfc062723c751e8b465ee728b)
Start importing Assets/Stylize Water Texture/Textures/Vol_36_5_Ambient_Occlusion.png using Guid(5e3b47c76d4c55d44be834515b7fe551) Importer(815301076,1909f56bfc062723c751e8b465ee728b)  -> (artifact id: 'c7c9e02a10c4ce8a84aa8c38d27e1b95') in 0.029000 seconds 
  Import took 0.035247 seconds .

========================================================================
Received Import Request.
  Time since last request: 0.000210 seconds.
  path: Assets/Stylize Water Texture/Textures/Vol_36_5_Emissive.png
  artifactKey: Guid(92de9fbb5fd25fe40a72ae7751d83b52) Importer(815301076,1909f56bfc062723c751e8b465ee728b)
Start importing Assets/Stylize Water Texture/Textures/Vol_36_5_Emissive.png using Guid(92de9fbb5fd25fe40a72ae7751d83b52) Importer(815301076,1909f56bfc062723c751e8b465ee728b)  -> (artifact id: '84fa969a1947cc4a4031f69b62275456') in 0.026704 seconds 
  Import took 0.032130 seconds .

========================================================================
Received Import Request.
  Time since last request: 0.000172 seconds.
  path: Assets/POLYGON city pack/Meshes,textures/Buildings_FBX/y_2.png
  artifactKey: Guid(4b07eed15163be44cb2fc09c3441ece1) Importer(815301076,1909f56bfc062723c751e8b465ee728b)
Start importing Assets/POLYGON city pack/Meshes,textures/Buildings_FBX/y_2.png using Guid(4b07eed15163be44cb2fc09c3441ece1) Importer(815301076,1909f56bfc062723c751e8b465ee728b)  -> (artifact id: '765f2281fc16d8a9bfc5178c467a4b28') in 0.036664 seconds 
  Import took 0.041723 seconds .

========================================================================
Received Prepare
Registering precompiled user dll's ...
Registered in 0.012810 seconds.
Begin MonoManager ReloadAssembly
Native extension for WindowsStandalone target not found
Native extension for OSXStandalone target not found
Refreshing native plugins compatible for Editor in 1.09 ms, found 9 plugins.
Preloading 4 native plugins for Editor in 0.17 ms.
System.Reflection.TargetInvocationException: Exception has been thrown by the target of an invocation. ---> System.NullReferenceException: Object reference not set to an instance of an object
  at Unity.XR.Oculus.OculusLoader.AssetPathToAbsolutePath (System.String assetPath) [0x00048] in F:\SCHOOL\CaptainVR\CaptainVRTests\Library\PackageCache\com.unity.xr.oculus@1.10.0\Runtime\OculusLoader.cs:250 
  at Unity.XR.Oculus.OculusLoader.EditorLoadOVRPlugin () [0x0007b] in F:\SCHOOL\CaptainVR\CaptainVRTests\Library\PackageCache\com.unity.xr.oculus@1.10.0\Runtime\OculusLoader.cs:235 
  at (wrapper managed-to-native) System.Reflection.MonoMethod.InternalInvoke(System.Reflection.MonoMethod,object,object[],System.Exception&)
  at System.Reflection.MonoMethod.Invoke (System.Object obj, System.Reflection.BindingFlags invokeAttr, System.Reflection.Binder binder, System.Object[] parameters, System.Globalization.CultureInfo culture) [0x00032] in <695d1cc93cca45069c528c15c9fdd749>:0 
   --- End of inner exception stack trace ---
  at System.Reflection.MonoMethod.Invoke (System.Object obj, System.Reflection.BindingFlags invokeAttr, System.Reflection.Binder binder, System.Object[] parameters, System.Globalization.CultureInfo culture) [0x00048] in <695d1cc93cca45069c528c15c9fdd749>:0 
  at System.Reflection.MethodBase.Invoke (System.Object obj, System.Object[] parameters) [0x00000] in <695d1cc93cca45069c528c15c9fdd749>:0 
  at UnityEditor.EditorAssemblies.ProcessInitializeOnLoadMethodAttributes () [0x00047] in <5ad584e208e14caaa9e6b2e6027e9204>:0 
UnityEngine.StackTraceUtility:ExtractStackTrace ()
UnityEngine.DebugLogHandler:LogFormat (UnityEngine.LogType,UnityEngine.Object,string,object[])
UnityEngine.Logger:Log (UnityEngine.LogType,object)
UnityEngine.Debug:LogError (object)
UnityEditor.EditorAssemblies:ProcessInitializeOnLoadMethodAttributes ()

Mono: successfully reloaded assembly
- Completed reload, in  1.383 seconds
Domain Reload Profiling:
	ReloadAssembly (1384ms)
		BeginReloadAssembly (143ms)
			ExecutionOrderSort (0ms)
			DisableScriptedObjects (5ms)
			BackupInstance (0ms)
			ReleaseScriptingObjects (0ms)
			CreateAndSetChildDomain (39ms)
		EndReloadAssembly (1150ms)
			LoadAssemblies (136ms)
			RebuildTransferFunctionScriptingTraits (0ms)
			SetupTypeCache (404ms)
			ReleaseScriptCaches (1ms)
			RebuildScriptCaches (52ms)
			SetupLoadedEditorAssemblies (414ms)
				LogAssemblyErrors (0ms)
				InitializePlatformSupportModulesInManaged (8ms)
				SetLoadedEditorAssemblies (1ms)
				RefreshPlugins (1ms)
				BeforeProcessingInitializeOnLoad (113ms)
				ProcessInitializeOnLoadAttributes (256ms)
				ProcessInitializeOnLoadMethodAttributes (16ms)
				AfterProcessingInitializeOnLoad (18ms)
				EditorAssembliesLoaded (0ms)
			ExecutionOrderSort2 (0ms)
			AwakeInstancesAfterBackupRestoration (12ms)
Platform modules already initialized, skipping
Refreshing native plugins compatible for Editor in 1.00 ms, found 9 plugins.
Preloading 4 native plugins for Editor in 0.13 ms.
Unloading 2723 Unused Serialized files (Serialized files now loaded: 0)
System memory in use before: 135.9 MB.
System memory in use after: 136.1 MB.

Unloading 40 unused Assets to reduce memory usage. Loaded Objects now: 3330.
Total: 3.660500 ms (FindLiveObjects: 0.299500 ms CreateObjectMapping: 0.074300 ms MarkObjects: 3.255400 ms  DeleteObjects: 0.029200 ms)

AssetImportParameters requested are different than current active one (requested -> active):
  custom:framework-win-MediaFoundation: 216162199b28c13a410421893ffa2e32 -> 
  custom:video-decoder-ogg-theora: a1e56fd34408186e4bbccfd4996cb3dc -> 
  custom:container-muxer-webm: aa71ff27fc2769a1b78a27578f13a17b -> 
  custom:container-demuxer-webm: 4f35f7cbe854078d1ac9338744f61a02 -> 
  custom:container-demuxer-ogg: 62fdf1f143b41e24485cea50d1cbac27 -> 
  custom:video-encoder-webm-vp8: eb34c28f22e8b96e1ab97ce403110664 -> 
  custom:video-decoder-webm-vp8: 9c59270c3fd7afecdb556c50c9e8de78 -> 
  custom:audio-decoder-ogg-vorbis: bf7c407c2cedff20999df2af8eb42d56 -> 
  custom:audio-encoder-webm-vorbis: bf7c407c2cedff20999df2af8eb42d56 -> 
========================================================================
Received Import Request.
  Time since last request: 549.657702 seconds.
  path: Assets/CaptainVR hub stuff/terrain materials/WATERSAND.jpg
  artifactKey: Guid(2a61b7e0a129b874e81962837f7735e0) Importer(815301076,1909f56bfc062723c751e8b465ee728b)
Start importing Assets/CaptainVR hub stuff/terrain materials/WATERSAND.jpg using Guid(2a61b7e0a129b874e81962837f7735e0) Importer(815301076,1909f56bfc062723c751e8b465ee728b)  -> (artifact id: '105a40a093f98dd388ec39464e12e273') in 0.061348 seconds 
  Import took 0.068703 seconds .

========================================================================
Received Import Request.
  Time since last request: 13.355486 seconds.
  path: Assets/SkySeries Freebie/FreebieHdri/CosmicCoolCloudEQ_hdr.exr
  artifactKey: Guid(09999639e73bcd64abda22253af612d8) Importer(815301076,1909f56bfc062723c751e8b465ee728b)
Start importing Assets/SkySeries Freebie/FreebieHdri/CosmicCoolCloudEQ_hdr.exr using Guid(09999639e73bcd64abda22253af612d8) Importer(815301076,1909f56bfc062723c751e8b465ee728b)  -> (artifact id: '2d4ac81bbd35b76cccc352cd37b4a999') in 2.049404 seconds 
  Import took 2.056095 seconds .

========================================================================
Received Import Request.
  Time since last request: 3.280128 seconds.
  path: Assets/CaptainVR hub stuff/terrain materials/NewBrush.brush
  artifactKey: Guid(3895be802367f7b49b3450ec7fd06027) Importer(815301076,1909f56bfc062723c751e8b465ee728b)
Start importing Assets/CaptainVR hub stuff/terrain materials/NewBrush.brush using Guid(3895be802367f7b49b3450ec7fd06027) Importer(815301076,1909f56bfc062723c751e8b465ee728b)  -> (artifact id: 'ac898ecab3e08e4b9034af380280d9c2') in 0.024383 seconds 
  Import took 0.029528 seconds .

========================================================================
Received Import Request.
  Time since last request: 0.006448 seconds.
  path: Assets/CaptainVR hub stuff/terrain materials/NewBrush.brush
  artifactKey: Guid(3895be802367f7b49b3450ec7fd06027) Importer(815301076,1909f56bfc062723c751e8b465ee728b)
Start importing Assets/CaptainVR hub stuff/terrain materials/NewBrush.brush using Guid(3895be802367f7b49b3450ec7fd06027) Importer(815301076,1909f56bfc062723c751e8b465ee728b)  -> (artifact id: 'ac898ecab3e08e4b9034af380280d9c2') in 0.015126 seconds 
  Import took 0.019765 seconds .

========================================================================
Received Import Request.
  Time since last request: 105.776953 seconds.
  path: Assets/CaptainVR hub stuff/terrain materials/NewBrush 1.brush
  artifactKey: Guid(43d4ed8f7fd8f5b46a9ad77d5fbb1c98) Importer(815301076,1909f56bfc062723c751e8b465ee728b)
Start importing Assets/CaptainVR hub stuff/terrain materials/NewBrush 1.brush using Guid(43d4ed8f7fd8f5b46a9ad77d5fbb1c98) Importer(815301076,1909f56bfc062723c751e8b465ee728b)  -> (artifact id: '76e5099652039f948b3f6073ad2ff249') in 0.016469 seconds 
  Import took 0.021622 seconds .

========================================================================
Received Import Request.
  Time since last request: 0.021470 seconds.
  path: Assets/CaptainVR hub stuff/terrain materials/NewBrush 1.brush
  artifactKey: Guid(43d4ed8f7fd8f5b46a9ad77d5fbb1c98) Importer(815301076,1909f56bfc062723c751e8b465ee728b)
Start importing Assets/CaptainVR hub stuff/terrain materials/NewBrush 1.brush using Guid(43d4ed8f7fd8f5b46a9ad77d5fbb1c98) Importer(815301076,1909f56bfc062723c751e8b465ee728b)  -> (artifact id: '76e5099652039f948b3f6073ad2ff249') in 0.012780 seconds 
  Import took 0.017648 seconds .

========================================================================
Received Import Request.
  Time since last request: 562.057623 seconds.
  path: Assets/CaptainVR hub stuff/terrain materials/NewLayer 1.terrainlayer
  artifactKey: Guid(fc8f6caa7c1d771438d8bb76e815b8c5) Importer(815301076,1909f56bfc062723c751e8b465ee728b)
Start importing Assets/CaptainVR hub stuff/terrain materials/NewLayer 1.terrainlayer using Guid(fc8f6caa7c1d771438d8bb76e815b8c5) Importer(815301076,1909f56bfc062723c751e8b465ee728b)  -> (artifact id: 'a92100177c0a84f3f89ec5236ff12a8b') in 0.026087 seconds 
  Import took 0.033855 seconds .

========================================================================
Received Import Request.
  Time since last request: 0.000295 seconds.
  path: Assets/CaptainVR hub stuff/terrain materials/NewLayer 2.terrainlayer
  artifactKey: Guid(5bf4c866e1351314f8fbeb3c4fe2e778) Importer(815301076,1909f56bfc062723c751e8b465ee728b)
Start importing Assets/CaptainVR hub stuff/terrain materials/NewLayer 2.terrainlayer using Guid(5bf4c866e1351314f8fbeb3c4fe2e778) Importer(815301076,1909f56bfc062723c751e8b465ee728b)  -> (artifact id: 'f719e0c74cc29d5235232950ba41a06b') in 0.012608 seconds 
  Import took 0.017743 seconds .

